[debug] [2021-04-26T20:48:14.960Z] ----------------------------------------------------------------------
[debug] [2021-04-26T20:48:14.961Z] Command:       C:\Program Files\nodejs\node.exe C:\Users\Rohan\AppData\Roaming\npm\node_modules\firebase-tools\lib\bin\firebase.js emulators:start
[debug] [2021-04-26T20:48:14.962Z] CLI Version:   9.10.0
[debug] [2021-04-26T20:48:14.962Z] Platform:      win32
[debug] [2021-04-26T20:48:14.962Z] Node Version:  v14.15.4
[debug] [2021-04-26T20:48:14.963Z] Time:          Mon Apr 26 2021 15:48:14 GMT-0500 (Central Daylight Time)
[debug] [2021-04-26T20:48:14.963Z] ----------------------------------------------------------------------
[debug] 
[debug] [2021-04-26T20:48:14.972Z] > command requires scopes: ["email","openid","https://www.googleapis.com/auth/cloudplatformprojects.readonly","https://www.googleapis.com/auth/firebase","https://www.googleapis.com/auth/cloud-platform"]
[debug] [2021-04-26T20:48:14.972Z] > authorizing via signed-in user (rohan9841@gmail.com)
[info] i  emulators: Starting emulators: functions, hosting {"metadata":{"emulator":{"name":"hub"},"message":"Starting emulators: functions, hosting"}}
[debug] [2021-04-26T20:48:14.993Z] [hub] writing locator at C:\Users\Rohan\AppData\Local\Temp\hub-challenge-7b84c.json
[warn] !  functions: The following emulators are not running, calls to these services from the Functions emulator will affect production: auth, firestore, database, pubsub {"metadata":{"emulator":{"name":"functions"},"message":"The following emulators are not running, calls to these services from the Functions emulator will affect production: \u001b[1mauth, firestore, database, pubsub\u001b[22m"}}
[warn] !  Your requested "node" version "12" doesn't match your global version "14" {"metadata":{"emulator":{"name":"functions"},"message":"Your requested \"node\" version \"12\" doesn't match your global version \"14\""}}
[debug] [2021-04-26T20:48:15.024Z] defaultcredentials: writing to file C:\Users\Rohan\AppData\Roaming\firebase\rohan9841_gmail_com_application_default_credentials.json
[debug] [2021-04-26T20:48:15.026Z] Setting GAC to C:\Users\Rohan\AppData\Roaming\firebase\rohan9841_gmail_com_application_default_credentials.json {"metadata":{"emulator":{"name":"functions"},"message":"Setting GAC to C:\\Users\\Rohan\\AppData\\Roaming\\firebase\\rohan9841_gmail_com_application_default_credentials.json"}}
[debug] [2021-04-26T20:48:15.028Z] > refreshing access token with scopes: []
[debug] [2021-04-26T20:48:15.028Z] >>> HTTP REQUEST POST https://www.googleapis.com/oauth2/v3/token  
 <request body omitted>
[debug] [2021-04-26T20:48:15.153Z] <<< HTTP RESPONSE 200 {"pragma":"no-cache","expires":"Mon, 01 Jan 1990 00:00:00 GMT","cache-control":"no-cache, no-store, max-age=0, must-revalidate","date":"Mon, 26 Apr 2021 20:48:15 GMT","content-type":"application/json; charset=utf-8","vary":"X-Origin, Referer, Origin,Accept-Encoding","server":"scaffolding on HTTPServer2","x-xss-protection":"0","x-frame-options":"SAMEORIGIN","x-content-type-options":"nosniff","alt-svc":"h3-29=\":443\"; ma=2592000,h3-T051=\":443\"; ma=2592000,h3-Q050=\":443\"; ma=2592000,h3-Q046=\":443\"; ma=2592000,h3-Q043=\":443\"; ma=2592000,quic=\":443\"; ma=2592000; v=\"46,43\"","accept-ranges":"none","transfer-encoding":"chunked"}
[debug] [2021-04-26T20:48:15.160Z] >>> [apiv2][query] GET https://firebase.googleapis.com/v1beta1/projects/challenge-7b84c/adminSdkConfig [none]
[debug] [2021-04-26T20:48:15.391Z] <<< [apiv2][status] GET https://firebase.googleapis.com/v1beta1/projects/challenge-7b84c/adminSdkConfig 200
[debug] [2021-04-26T20:48:15.391Z] <<< [apiv2][body] GET https://firebase.googleapis.com/v1beta1/projects/challenge-7b84c/adminSdkConfig {"projectId":"challenge-7b84c","storageBucket":"challenge-7b84c.appspot.com","locationId":"us-central"}
[debug] [2021-04-26T20:48:15.399Z] >>> [apiv2][query] GET https://firebase.googleapis.com/v1beta1/projects/challenge-7b84c/webApps/-/config [none]
[debug] [2021-04-26T20:48:15.738Z] <<< [apiv2][status] GET https://firebase.googleapis.com/v1beta1/projects/challenge-7b84c/webApps/-/config 200
[debug] [2021-04-26T20:48:15.738Z] <<< [apiv2][body] GET https://firebase.googleapis.com/v1beta1/projects/challenge-7b84c/webApps/-/config {"projectId":"challenge-7b84c","appId":"1:905041932686:web:ad227154424b6b35b974df","storageBucket":"challenge-7b84c.appspot.com","locationId":"us-central","apiKey":"AIzaSyCVNQ0_somWam8ZYRTrWJCLaEjCp5_Rw5Y","authDomain":"challenge-7b84c.firebaseapp.com","messagingSenderId":"905041932686","measurementId":"G-YKV1M8RX3K"}
[info] i  hosting: Serving hosting files from: build {"metadata":{"emulator":{"name":"hosting"},"message":"Serving hosting files from: \u001b[1mbuild\u001b[22m"}}
[info] +  hosting: Local server: http://localhost:5000 {"metadata":{"emulator":{"name":"hosting"},"message":"Local server: \u001b[4m\u001b[1mhttp://localhost:5000\u001b[22m\u001b[24m"}}
[debug] [2021-04-26T20:48:15.763Z] Ignoring unsupported arg: auto_download {"metadata":{"emulator":{"name":"ui"},"message":"Ignoring unsupported arg: auto_download"}}
[debug] [2021-04-26T20:48:15.763Z] Ignoring unsupported arg: port {"metadata":{"emulator":{"name":"ui"},"message":"Ignoring unsupported arg: port"}}
[debug] [2021-04-26T20:48:15.763Z] Starting Emulator UI with command {"binary":"node","args":["C:\\Users\\Rohan\\.cache\\firebase\\emulators\\ui-v1.4.2\\server.bundle.js"],"optionalArgs":[],"joinArgs":false} {"metadata":{"emulator":{"name":"ui"},"message":"Starting Emulator UI with command {\"binary\":\"node\",\"args\":[\"C:\\\\Users\\\\Rohan\\\\.cache\\\\firebase\\\\emulators\\\\ui-v1.4.2\\\\server.bundle.js\"],\"optionalArgs\":[],\"joinArgs\":false}"}}
[info] i  ui: Emulator UI logging to ui-debug.log {"metadata":{"emulator":{"name":"ui"},"message":"Emulator UI logging to \u001b[1mui-debug.log\u001b[22m"}}
[debug] [2021-04-26T20:48:15.867Z] Web / API server started at http://localhost:4000
 {"metadata":{"emulator":{"name":"ui"},"message":"Web / API server started at http://localhost:4000\n"}}
[info] i  functions: Watching "C:\Users\Rohan\OneDrive - LSU Health Shreveport\Desktop\Github\Amazon-clone\functions" for Cloud Functions... {"metadata":{"emulator":{"name":"functions"},"message":"Watching \"C:\\Users\\Rohan\\OneDrive - LSU Health Shreveport\\Desktop\\Github\\Amazon-clone\\functions\" for Cloud Functions..."}}
[debug] [2021-04-26T20:48:16.034Z] [worker-pool] addWorker(~diagnostic~) {"metadata":{"emulator":{"name":"functions"},"message":"[worker-pool] addWorker(~diagnostic~)"}}
[debug] [2021-04-26T20:48:16.035Z] [worker-pool] Adding worker with key ~diagnostic~, total=1 {"metadata":{"emulator":{"name":"functions"},"message":"[worker-pool] Adding worker with key ~diagnostic~, total=1"}}
[debug] [2021-04-26T20:48:16.035Z] [worker-pool] submitWork(triggerId=) {"metadata":{"emulator":{"name":"functions"},"message":"[worker-pool] submitWork(triggerId=)"}}
[debug] [2021-04-26T20:48:16.035Z] [worker-~diagnostic~-d17ccc41-c2ec-4d65-9a53-42d77420969e]: Assigning socketPath: \\?\pipe\C:\Users\Rohan\OneDrive - LSU Health Shreveport\Desktop\Github\Amazon-clone\functions\11204 {"metadata":{"emulator":{"name":"functions"},"message":"[worker-~diagnostic~-d17ccc41-c2ec-4d65-9a53-42d77420969e]: Assigning socketPath: \\\\?\\pipe\\C:\\Users\\Rohan\\OneDrive - LSU Health Shreveport\\Desktop\\Github\\Amazon-clone\\functions\\11204"}}
[debug] [2021-04-26T20:48:16.036Z] [worker-~diagnostic~-d17ccc41-c2ec-4d65-9a53-42d77420969e]: BUSY {"metadata":{"emulator":{"name":"functions"},"message":"[worker-~diagnostic~-d17ccc41-c2ec-4d65-9a53-42d77420969e]: BUSY"}}
[debug] [2021-04-26T20:48:16.253Z] [runtime-status] [11204] Functions runtime initialized. {"cwd":"C:\\Users\\Rohan\\OneDrive - LSU Health Shreveport\\Desktop\\Github\\Amazon-clone\\functions","node_version":"14.15.4"} {"metadata":{"emulator":{"name":"functions"},"message":"[runtime-status] [11204] Functions runtime initialized. {\"cwd\":\"C:\\\\Users\\\\Rohan\\\\OneDrive - LSU Health Shreveport\\\\Desktop\\\\Github\\\\Amazon-clone\\\\functions\",\"node_version\":\"14.15.4\"}"}}
[debug] [2021-04-26T20:48:16.254Z] [runtime-status] [11204] Disabled runtime features: undefined {"metadata":{"emulator":{"name":"functions"},"message":"[runtime-status] [11204] Disabled runtime features: undefined"}}
[debug] [2021-04-26T20:48:16.266Z] [runtime-status] [11204] Resolved module firebase-admin {"declared":true,"installed":true,"version":"9.6.0","resolution":"C:\\Users\\Rohan\\OneDrive - LSU Health Shreveport\\Desktop\\Github\\Amazon-clone\\functions\\node_modules\\firebase-admin\\lib\\index.js"} {"metadata":{"emulator":{"name":"functions"},"message":"[runtime-status] [11204] Resolved module firebase-admin {\"declared\":true,\"installed\":true,\"version\":\"9.6.0\",\"resolution\":\"C:\\\\Users\\\\Rohan\\\\OneDrive - LSU Health Shreveport\\\\Desktop\\\\Github\\\\Amazon-clone\\\\functions\\\\node_modules\\\\firebase-admin\\\\lib\\\\index.js\"}"}}
[debug] [2021-04-26T20:48:16.266Z] [runtime-status] [11204] Resolved module firebase-functions {"declared":true,"installed":true,"version":"3.13.2","resolution":"C:\\Users\\Rohan\\OneDrive - LSU Health Shreveport\\Desktop\\Github\\Amazon-clone\\functions\\node_modules\\firebase-functions\\lib\\index.js"} {"metadata":{"emulator":{"name":"functions"},"message":"[runtime-status] [11204] Resolved module firebase-functions {\"declared\":true,\"installed\":true,\"version\":\"3.13.2\",\"resolution\":\"C:\\\\Users\\\\Rohan\\\\OneDrive - LSU Health Shreveport\\\\Desktop\\\\Github\\\\Amazon-clone\\\\functions\\\\node_modules\\\\firebase-functions\\\\lib\\\\index.js\"}"}}
[debug] [2021-04-26T20:48:16.267Z] [runtime-status] [11204] Resolved module firebase-functions {"declared":true,"installed":true,"version":"3.13.2","resolution":"C:\\Users\\Rohan\\OneDrive - LSU Health Shreveport\\Desktop\\Github\\Amazon-clone\\functions\\node_modules\\firebase-functions\\lib\\index.js"} {"metadata":{"emulator":{"name":"functions"},"message":"[runtime-status] [11204] Resolved module firebase-functions {\"declared\":true,\"installed\":true,\"version\":\"3.13.2\",\"resolution\":\"C:\\\\Users\\\\Rohan\\\\OneDrive - LSU Health Shreveport\\\\Desktop\\\\Github\\\\Amazon-clone\\\\functions\\\\node_modules\\\\firebase-functions\\\\lib\\\\index.js\"}"}}
[debug] [2021-04-26T20:48:16.267Z] [runtime-status] [11204] Outgoing network have been stubbed. [{"name":"http","status":"mocked"},{"name":"http","status":"mocked"},{"name":"https","status":"mocked"},{"name":"https","status":"mocked"},{"name":"net","status":"mocked"}] {"metadata":{"emulator":{"name":"functions"},"message":"[runtime-status] [11204] Outgoing network have been stubbed. [{\"name\":\"http\",\"status\":\"mocked\"},{\"name\":\"http\",\"status\":\"mocked\"},{\"name\":\"https\",\"status\":\"mocked\"},{\"name\":\"https\",\"status\":\"mocked\"},{\"name\":\"net\",\"status\":\"mocked\"}]"}}
[debug] [2021-04-26T20:48:16.267Z] [runtime-status] [11204] Resolved module firebase-functions {"declared":true,"installed":true,"version":"3.13.2","resolution":"C:\\Users\\Rohan\\OneDrive - LSU Health Shreveport\\Desktop\\Github\\Amazon-clone\\functions\\node_modules\\firebase-functions\\lib\\index.js"} {"metadata":{"emulator":{"name":"functions"},"message":"[runtime-status] [11204] Resolved module firebase-functions {\"declared\":true,\"installed\":true,\"version\":\"3.13.2\",\"resolution\":\"C:\\\\Users\\\\Rohan\\\\OneDrive - LSU Health Shreveport\\\\Desktop\\\\Github\\\\Amazon-clone\\\\functions\\\\node_modules\\\\firebase-functions\\\\lib\\\\index.js\"}"}}
[debug] [2021-04-26T20:48:16.323Z] [runtime-status] [11204] Checked functions.config() {"config":{}} {"metadata":{"emulator":{"name":"functions"},"message":"[runtime-status] [11204] Checked functions.config() {\"config\":{}}"}}
[debug] [2021-04-26T20:48:16.323Z] [runtime-status] [11204] firebase-functions has been stubbed. {"functionsResolution":{"declared":true,"installed":true,"version":"3.13.2","resolution":"C:\\Users\\Rohan\\OneDrive - LSU Health Shreveport\\Desktop\\Github\\Amazon-clone\\functions\\node_modules\\firebase-functions\\lib\\index.js"}} {"metadata":{"emulator":{"name":"functions"},"message":"[runtime-status] [11204] firebase-functions has been stubbed. {\"functionsResolution\":{\"declared\":true,\"installed\":true,\"version\":\"3.13.2\",\"resolution\":\"C:\\\\Users\\\\Rohan\\\\OneDrive - LSU Health Shreveport\\\\Desktop\\\\Github\\\\Amazon-clone\\\\functions\\\\node_modules\\\\firebase-functions\\\\lib\\\\index.js\"}}"}}
[debug] [2021-04-26T20:48:16.323Z] [runtime-status] [11204] Resolved module firebase-functions {"declared":true,"installed":true,"version":"3.13.2","resolution":"C:\\Users\\Rohan\\OneDrive - LSU Health Shreveport\\Desktop\\Github\\Amazon-clone\\functions\\node_modules\\firebase-functions\\lib\\index.js"} {"metadata":{"emulator":{"name":"functions"},"message":"[runtime-status] [11204] Resolved module firebase-functions {\"declared\":true,\"installed\":true,\"version\":\"3.13.2\",\"resolution\":\"C:\\\\Users\\\\Rohan\\\\OneDrive - LSU Health Shreveport\\\\Desktop\\\\Github\\\\Amazon-clone\\\\functions\\\\node_modules\\\\firebase-functions\\\\lib\\\\index.js\"}"}}
[debug] [2021-04-26T20:48:16.328Z] [runtime-status] [11204] Resolved module firebase-admin {"declared":true,"installed":true,"version":"9.6.0","resolution":"C:\\Users\\Rohan\\OneDrive - LSU Health Shreveport\\Desktop\\Github\\Amazon-clone\\functions\\node_modules\\firebase-admin\\lib\\index.js"} {"metadata":{"emulator":{"name":"functions"},"message":"[runtime-status] [11204] Resolved module firebase-admin {\"declared\":true,\"installed\":true,\"version\":\"9.6.0\",\"resolution\":\"C:\\\\Users\\\\Rohan\\\\OneDrive - LSU Health Shreveport\\\\Desktop\\\\Github\\\\Amazon-clone\\\\functions\\\\node_modules\\\\firebase-admin\\\\lib\\\\index.js\"}"}}
[debug] [2021-04-26T20:48:16.328Z] [runtime-status] [11204] Resolved module firebase-functions {"declared":true,"installed":true,"version":"3.13.2","resolution":"C:\\Users\\Rohan\\OneDrive - LSU Health Shreveport\\Desktop\\Github\\Amazon-clone\\functions\\node_modules\\firebase-functions\\lib\\index.js"} {"metadata":{"emulator":{"name":"functions"},"message":"[runtime-status] [11204] Resolved module firebase-functions {\"declared\":true,\"installed\":true,\"version\":\"3.13.2\",\"resolution\":\"C:\\\\Users\\\\Rohan\\\\OneDrive - LSU Health Shreveport\\\\Desktop\\\\Github\\\\Amazon-clone\\\\functions\\\\node_modules\\\\firebase-functions\\\\lib\\\\index.js\"}"}}
[debug] [2021-04-26T20:48:16.328Z] [runtime-status] [11204] firebase-admin has been stubbed. {"adminResolution":{"declared":true,"installed":true,"version":"9.6.0","resolution":"C:\\Users\\Rohan\\OneDrive - LSU Health Shreveport\\Desktop\\Github\\Amazon-clone\\functions\\node_modules\\firebase-admin\\lib\\index.js"}} {"metadata":{"emulator":{"name":"functions"},"message":"[runtime-status] [11204] firebase-admin has been stubbed. {\"adminResolution\":{\"declared\":true,\"installed\":true,\"version\":\"9.6.0\",\"resolution\":\"C:\\\\Users\\\\Rohan\\\\OneDrive - LSU Health Shreveport\\\\Desktop\\\\Github\\\\Amazon-clone\\\\functions\\\\node_modules\\\\firebase-admin\\\\lib\\\\index.js\"}}"}}
